


ARM Macro Assembler    Page 1 


    1 00000000         ;
    2 00000000         ;*******************************************************
                       *************************************************
    3 00000000         ;                                                uC/OS-I
                       II
    4 00000000         ;                                          The Real-Time
                        Kernel
    5 00000000         ;
    6 00000000         ;
    7 00000000         ;                         (c) Copyright 2009-2013; Micri
                       um, Inc.; Weston, FL
    8 00000000         ;                    All rights reserved.  Protected by 
                       international copyright laws.
    9 00000000         ;
   10 00000000         ;                                           ARM Cortex-M
                       4 Port
   11 00000000         ;
   12 00000000         ; File      : OS_CPU_A.ASM
   13 00000000         ; Version   : V3.04.04
   14 00000000         ; By        : JJL
   15 00000000         ;             BAN
   16 00000000         ;
   17 00000000         ; For       : ARMv7 Cortex-M4
   18 00000000         ; Mode      : Thumb-2 ISA
   19 00000000         ; Toolchain : RealView Development Suite
   20 00000000         ;             RealView Microcontroller Development Kit (
                       MDK)
   21 00000000         ;             ARM Developer Suite (ADS)
   22 00000000         ;             Keil uVision
   23 00000000         ;*******************************************************
                       *************************************************
   24 00000000         ;
   25 00000000         
   26 00000000         ;*******************************************************
                       *************************************************
   27 00000000         ;                                          PUBLIC FUNCTI
                       ONS
   28 00000000         ;*******************************************************
                       *************************************************
   29 00000000         
   30 00000000                 IMPORT           OSRunning   ; External referenc
                                                            es
   31 00000000                 IMPORT           OSPrioCur
   32 00000000                 IMPORT           OSPrioHighRdy
   33 00000000                 IMPORT           OSTCBCurPtr
   34 00000000                 IMPORT           OSTCBHighRdyPtr
   35 00000000                 IMPORT           OSIntExit
   36 00000000                 IMPORT           OSTaskSwHook
   37 00000000                 IMPORT           OS_CPU_ExceptStkBase
   38 00000000         
   39 00000000         
   40 00000000                 EXPORT           OSStartHighRdy ; Functions decl
                                                            ared in this file
   41 00000000                 EXPORT           OSCtxSw
   42 00000000                 EXPORT           OSIntCtxSw
   43 00000000                 EXPORT           PendSV_Handler
   44 00000000         
   45 00000000         
   46 00000000         ;*******************************************************



ARM Macro Assembler    Page 2 


                       *************************************************
   47 00000000         ;                                               EQUATES
   48 00000000         ;*******************************************************
                       *************************************************
   49 00000000         
   50 00000000 E000ED04 
                       NVIC_INT_CTRL
                               EQU              0xE000ED04  ; Interrupt control
                                                             state register.
   51 00000000 E000ED22 
                       NVIC_SYSPRI14
                               EQU              0xE000ED22  ; System priority r
                                                            egister (priority 1
                                                            4).
   52 00000000 0000FFFF 
                       NVIC_PENDSV_PRI
                               EQU              0xFFFF      ; PendSV priority v
                                                            alue (lowest).
   53 00000000 10000000 
                       NVIC_PENDSVSET
                               EQU              0x10000000  ; Value to trigger 
                                                            PendSV exception.
   54 00000000         
   55 00000000         
   56 00000000         ;*******************************************************
                       *************************************************
   57 00000000         ;                                     CODE GENERATION DI
                       RECTIVES
   58 00000000         ;*******************************************************
                       *************************************************
   59 00000000         
   60 00000000                 PRESERVE8
   61 00000000                 THUMB
   62 00000000         
   63 00000000                 AREA             CODE, CODE, READONLY
   64 00000000         
   65 00000000         
   66 00000000         ;*******************************************************
                       *************************************************
   67 00000000         ;                                         START MULTITAS
                       KING
   68 00000000         ;                                      void OSStartHighR
                       dy(void)
   69 00000000         ;
   70 00000000         ; Note(s) : 1) This function triggers a PendSV exception
                        (essentially, causes a context switch) to cause
   71 00000000         ;              the first task to start.
   72 00000000         ;
   73 00000000         ;           2) OSStartHighRdy() MUST:
   74 00000000         ;              a) Setup PendSV exception priority to low
                       est;
   75 00000000         ;              b) Set initial PSP to 0, to tell context 
                       switcher this is first run;
   76 00000000         ;              c) Set the main stack to OS_CPU_ExceptStk
                       Base
   77 00000000         ;              d) Trigger PendSV exception;
   78 00000000         ;              e) Enable interrupts (tasks will run with
                        interrupts enabled).
   79 00000000         ;*******************************************************



ARM Macro Assembler    Page 3 


                       *************************************************
   80 00000000         
   81 00000000         OSStartHighRdy
   82 00000000 4822            LDR              R0, =NVIC_SYSPRI14 ; Set the Pe
                                                            ndSV exception prio
                                                            rity
   83 00000002 F64F 71FF       LDR              R1, =NVIC_PENDSV_PRI
   84 00000006 7001            STRB             R1, [R0]
   85 00000008         
   86 00000008 2000            MOVS             R0, #0      ; Set the PSP to 0 
                                                            for initial context
                                                             switch call
   87 0000000A F380 8809       MSR              PSP, R0
   88 0000000E         
   89 0000000E 4820            LDR              R0, =OS_CPU_ExceptStkBase ; Ini
                                                            tialize the MSP to 
                                                            the OS_CPU_ExceptSt
                                                            kBase
   90 00000010 6801            LDR              R1, [R0]
   91 00000012 F381 8808       MSR              MSP, R1
   92 00000016         
   93 00000016 481F            LDR              R0, =NVIC_INT_CTRL ; Trigger th
                                                            e PendSV exception 
                                                            (causes context swi
                                                            tch)
   94 00000018 F04F 5180       LDR              R1, =NVIC_PENDSVSET
   95 0000001C 6001            STR              R1, [R0]
   96 0000001E         
   97 0000001E B662            CPSIE            I           ; Enable interrupts
                                                             at processor level
                                                            
   98 00000020         
   99 00000020         OSStartHang
  100 00000020 E7FE            B                OSStartHang ; Should never get 
                                                            here
  101 00000022         
  102 00000022         
  103 00000022         ;*******************************************************
                       *************************************************
  104 00000022         ;                       PERFORM A CONTEXT SWITCH (From t
                       ask level) - OSCtxSw()
  105 00000022         ;
  106 00000022         ; Note(s) : 1) OSCtxSw() is called when OS wants to perf
                       orm a task context switch.  This function
  107 00000022         ;              triggers the PendSV exception which is wh
                       ere the real work is done.
  108 00000022         ;*******************************************************
                       *************************************************
  109 00000022         
  110 00000022         OSCtxSw
  111 00000022 481C            LDR              R0, =NVIC_INT_CTRL ; Trigger th
                                                            e PendSV exception 
                                                            (causes context swi
                                                            tch)
  112 00000024 F04F 5180       LDR              R1, =NVIC_PENDSVSET
  113 00000028 6001            STR              R1, [R0]
  114 0000002A 4770            BX               LR
  115 0000002C         
  116 0000002C         



ARM Macro Assembler    Page 4 


  117 0000002C         ;*******************************************************
                       *************************************************
  118 0000002C         ;                   PERFORM A CONTEXT SWITCH (From inter
                       rupt level) - OSIntCtxSw()
  119 0000002C         ;
  120 0000002C         ; Note(s) : 1) OSIntCtxSw() is called by OSIntExit() whe
                       n it determines a context switch is needed as
  121 0000002C         ;              the result of an interrupt.  This functio
                       n simply triggers a PendSV exception which will
  122 0000002C         ;              be handled when there are no more interru
                       pts active and interrupts are enabled.
  123 0000002C         ;*******************************************************
                       *************************************************
  124 0000002C         
  125 0000002C         OSIntCtxSw
  126 0000002C 4819            LDR              R0, =NVIC_INT_CTRL ; Trigger th
                                                            e PendSV exception 
                                                            (causes context swi
                                                            tch)
  127 0000002E F04F 5180       LDR              R1, =NVIC_PENDSVSET
  128 00000032 6001            STR              R1, [R0]
  129 00000034 4770            BX               LR
  130 00000036         
  131 00000036         
  132 00000036         ;*******************************************************
                       *************************************************
  133 00000036         ;                                       HANDLE PendSV EX
                       CEPTION
  134 00000036         ;                                   void OS_CPU_PendSVHa
                       ndler(void)
  135 00000036         ;
  136 00000036         ; Note(s) : 1) PendSV is used to cause a context switch.
                         This is a recommended method for performing
  137 00000036         ;              context switches with Cortex-M3.  This is
                        because the Cortex-M3 auto-saves half of the
  138 00000036         ;              processor context on any exception, and r
                       estores same on return from exception.  So only
  139 00000036         ;              saving of R4-R11 is required and fixing u
                       p the stack pointers.  Using the PendSV exception
  140 00000036         ;              this way means that context saving and re
                       storing is identical whether it is initiated from
  141 00000036         ;              a thread or occurs due to an interrupt or
                        exception.
  142 00000036         ;
  143 00000036         ;           2) Pseudo-code is:
  144 00000036         ;              a) Get the process SP, if 0 then skip (go
                       to d) the saving part (first context switch);
  145 00000036         ;              b) Save remaining regs r4-r11 on process 
                       stack;
  146 00000036         ;              c) Save the process SP in its TCB, OSTCBC
                       urPtr->OSTCBStkPtr = SP;
  147 00000036         ;              d) Call OSTaskSwHook();
  148 00000036         ;              e) Get current high priority, OSPrioCur =
                        OSPrioHighRdy;
  149 00000036         ;              f) Get current ready thread TCB, OSTCBCur
                       Ptr = OSTCBHighRdyPtr;
  150 00000036         ;              g) Get new process SP from TCB, SP = OSTC
                       BHighRdyPtr->OSTCBStkPtr;
  151 00000036         ;              h) Restore R4-R11 from new process stack;



ARM Macro Assembler    Page 5 


                       
  152 00000036         ;              i) Perform exception return which will re
                       store remaining context.
  153 00000036         ;
  154 00000036         ;           3) On entry into PendSV handler:
  155 00000036         ;              a) The following have been saved on the p
                       rocess stack (by processor):
  156 00000036         ;                 xPSR, PC, LR, R12, R0-R3
  157 00000036         ;              b) Processor mode is switched to Handler 
                       mode (from Thread mode)
  158 00000036         ;              c) Stack is Main stack (switched from Pro
                       cess stack)
  159 00000036         ;              d) OSTCBCurPtr      points to the OS_TCB 
                       of the task to suspend
  160 00000036         ;                 OSTCBHighRdyPtr  points to the OS_TCB 
                       of the task to resume
  161 00000036         ;
  162 00000036         ;           4) Since PendSV is set to lowest priority in
                        the system (by OSStartHighRdy() above), we
  163 00000036         ;              know that it will only be run when no oth
                       er exception or interrupt is active, and
  164 00000036         ;              therefore safe to assume that context bei
                       ng switched out was using the process stack (PSP).
  165 00000036         ;*******************************************************
                       *************************************************
  166 00000036         
  167 00000036         PendSV_Handler
  168 00000036 B672            CPSID            I           ; Prevent interrupt
                                                            ion during context 
                                                            switch
  169 00000038 F3EF 8009       MRS              R0, PSP     ; PSP is process st
                                                            ack pointer
  170 0000003C B158            CBZ              R0, PendSVHandler_nosave ; Skip
                                                             register save the 
                                                            first time
  171 0000003E         
  172 0000003E B150            CBZ              R0, PendSVHandler_nosave ; Skip
                                                             register save the 
                                                            first time
  173 00000040 F01E 0F10       TST              LR, #0x10
  174 00000044 BF08            IT               EQ
  175 00000046 ED20 8A10       VSTMDBEQ         R0!, {S16-S31}
  176 0000004A 4673            MOV              R3, LR
  177 0000004C E920 0FF8       STMDB            R0!,{R3-R11}
  178 00000050 4911            LDR              R1, =OSTCBCurPtr ; OSTCBCurPtr-
                                                            >OSTCBStkPtr = SP;
  179 00000052 6809            LDR              R1, [R1]
  180 00000054 6008            STR              R0, [R1]    ; R0 is SP of proce
                                                            ss being switched o
                                                            ut
  181 00000056         ; At this point, entire context of process has been save
                       d
  182 00000056         
  183 00000056         PendSVHandler_nosave
  184 00000056 B500            PUSH             {R14}       ; Save LR exc_retur
                                                            n value
  185 00000058 4810            LDR              R0, =OSTaskSwHook 
                                                            ; OSTaskSwHook();
  186 0000005A 4780            BLX              R0



ARM Macro Assembler    Page 6 


  187 0000005C F85D EB04       POP              {R14}
  188 00000060 480F            LDR              R0, =OSPrioCur ; OSPrioCur = OS
                                                            PrioHighRdy;
  189 00000062 4910            LDR              R1, =OSPrioHighRdy
  190 00000064 780A            LDRB             R2, [R1]
  191 00000066 7002            STRB             R2, [R0]
  192 00000068 480B            LDR              R0, =OSTCBCurPtr ; OSTCBCurPtr 
                                                            = OSTCBHighRdyPtr;
  193 0000006A 490F            LDR              R1, =OSTCBHighRdyPtr
  194 0000006C 680A            LDR              R2, [R1]
  195 0000006E 6002            STR              R2, [R0]
  196 00000070 6810            LDR              R0, [R2]    ; R0 is new process
                                                             SP; SP = OSTCBHigh
                                                            RdyPtr->StkPtr;
  197 00000072 E8B0 0FF8       LDMIA            R0!,{R3-R11}
  198 00000076 469E            MOV              LR, R3
  199 00000078 F01E 0F10       TST              LR, #0x10
  200 0000007C BF08            IT               EQ
  201 0000007E ECB0 8A10       VLDMIAEQ         R0!, {S16-S31}
  202 00000082 F380 8809       MSR              PSP, R0     ; Load PSP with new
                                                             process SP
  203 00000086 B662            CPSIE            I
  204 00000088 4770            BX               LR          ; Exception return 
                                                            will restore remain
                                                            ing context
  205 0000008A                 END
              00 00 E000ED22 
              00000000 
              E000ED04 
              00000000 
              00000000 
              00000000 
              00000000 
              00000000 
Command Line: --debug --xref --diag_suppress=9931 --cpu=Cortex-M4.fp --apcs=int
erwork --depend=.\objects\os_cpu_a.d -o.\objects\os_cpu_a.o -ID:\Keil_v5\ARM\RV
31\INC -ID:\Keil_v5\ARM\CMSIS\Include -ID:\Keil_v5\ARM\Inc\ST\STM32F4xx --prede
fine="__UVISION_VERSION SETA 516" --list=.\listings\os_cpu_a.lst uCOSIII\uCOS-I
II\Ports\os_cpu_a.asm



ARM Macro Assembler    Page 1 Alphabetic symbol ordering
Relocatable symbols

CODE 00000000

Symbol: CODE
   Definitions
      At line 63 in file uCOSIII\uCOS-III\Ports\os_cpu_a.asm
   Uses
      None
Comment: CODE unused
OSCtxSw 00000022

Symbol: OSCtxSw
   Definitions
      At line 110 in file uCOSIII\uCOS-III\Ports\os_cpu_a.asm
   Uses
      At line 41 in file uCOSIII\uCOS-III\Ports\os_cpu_a.asm
Comment: OSCtxSw used once
OSIntCtxSw 0000002C

Symbol: OSIntCtxSw
   Definitions
      At line 125 in file uCOSIII\uCOS-III\Ports\os_cpu_a.asm
   Uses
      At line 42 in file uCOSIII\uCOS-III\Ports\os_cpu_a.asm
Comment: OSIntCtxSw used once
OSStartHang 00000020

Symbol: OSStartHang
   Definitions
      At line 99 in file uCOSIII\uCOS-III\Ports\os_cpu_a.asm
   Uses
      At line 100 in file uCOSIII\uCOS-III\Ports\os_cpu_a.asm
Comment: OSStartHang used once
OSStartHighRdy 00000000

Symbol: OSStartHighRdy
   Definitions
      At line 81 in file uCOSIII\uCOS-III\Ports\os_cpu_a.asm
   Uses
      At line 40 in file uCOSIII\uCOS-III\Ports\os_cpu_a.asm
Comment: OSStartHighRdy used once
PendSVHandler_nosave 00000056

Symbol: PendSVHandler_nosave
   Definitions
      At line 183 in file uCOSIII\uCOS-III\Ports\os_cpu_a.asm
   Uses
      At line 170 in file uCOSIII\uCOS-III\Ports\os_cpu_a.asm
      At line 172 in file uCOSIII\uCOS-III\Ports\os_cpu_a.asm

PendSV_Handler 00000036

Symbol: PendSV_Handler
   Definitions
      At line 167 in file uCOSIII\uCOS-III\Ports\os_cpu_a.asm
   Uses
      At line 43 in file uCOSIII\uCOS-III\Ports\os_cpu_a.asm
Comment: PendSV_Handler used once
7 symbols



ARM Macro Assembler    Page 1 Alphabetic symbol ordering
Absolute symbols

NVIC_INT_CTRL E000ED04

Symbol: NVIC_INT_CTRL
   Definitions
      At line 50 in file uCOSIII\uCOS-III\Ports\os_cpu_a.asm
   Uses
      At line 93 in file uCOSIII\uCOS-III\Ports\os_cpu_a.asm
      At line 111 in file uCOSIII\uCOS-III\Ports\os_cpu_a.asm
      At line 126 in file uCOSIII\uCOS-III\Ports\os_cpu_a.asm

NVIC_PENDSVSET 10000000

Symbol: NVIC_PENDSVSET
   Definitions
      At line 53 in file uCOSIII\uCOS-III\Ports\os_cpu_a.asm
   Uses
      At line 94 in file uCOSIII\uCOS-III\Ports\os_cpu_a.asm
      At line 112 in file uCOSIII\uCOS-III\Ports\os_cpu_a.asm
      At line 127 in file uCOSIII\uCOS-III\Ports\os_cpu_a.asm

NVIC_PENDSV_PRI 0000FFFF

Symbol: NVIC_PENDSV_PRI
   Definitions
      At line 52 in file uCOSIII\uCOS-III\Ports\os_cpu_a.asm
   Uses
      At line 83 in file uCOSIII\uCOS-III\Ports\os_cpu_a.asm
Comment: NVIC_PENDSV_PRI used once
NVIC_SYSPRI14 E000ED22

Symbol: NVIC_SYSPRI14
   Definitions
      At line 51 in file uCOSIII\uCOS-III\Ports\os_cpu_a.asm
   Uses
      At line 82 in file uCOSIII\uCOS-III\Ports\os_cpu_a.asm
Comment: NVIC_SYSPRI14 used once
4 symbols



ARM Macro Assembler    Page 1 Alphabetic symbol ordering
External symbols

OSIntExit 00000000

Symbol: OSIntExit
   Definitions
      At line 35 in file uCOSIII\uCOS-III\Ports\os_cpu_a.asm
   Uses
      None
Comment: OSIntExit unused
OSPrioCur 00000000

Symbol: OSPrioCur
   Definitions
      At line 31 in file uCOSIII\uCOS-III\Ports\os_cpu_a.asm
   Uses
      At line 188 in file uCOSIII\uCOS-III\Ports\os_cpu_a.asm
Comment: OSPrioCur used once
OSPrioHighRdy 00000000

Symbol: OSPrioHighRdy
   Definitions
      At line 32 in file uCOSIII\uCOS-III\Ports\os_cpu_a.asm
   Uses
      At line 189 in file uCOSIII\uCOS-III\Ports\os_cpu_a.asm
Comment: OSPrioHighRdy used once
OSRunning 00000000

Symbol: OSRunning
   Definitions
      At line 30 in file uCOSIII\uCOS-III\Ports\os_cpu_a.asm
   Uses
      None
Comment: OSRunning unused
OSTCBCurPtr 00000000

Symbol: OSTCBCurPtr
   Definitions
      At line 33 in file uCOSIII\uCOS-III\Ports\os_cpu_a.asm
   Uses
      At line 178 in file uCOSIII\uCOS-III\Ports\os_cpu_a.asm
      At line 192 in file uCOSIII\uCOS-III\Ports\os_cpu_a.asm

OSTCBHighRdyPtr 00000000

Symbol: OSTCBHighRdyPtr
   Definitions
      At line 34 in file uCOSIII\uCOS-III\Ports\os_cpu_a.asm
   Uses
      At line 193 in file uCOSIII\uCOS-III\Ports\os_cpu_a.asm
Comment: OSTCBHighRdyPtr used once
OSTaskSwHook 00000000

Symbol: OSTaskSwHook
   Definitions
      At line 36 in file uCOSIII\uCOS-III\Ports\os_cpu_a.asm
   Uses
      At line 185 in file uCOSIII\uCOS-III\Ports\os_cpu_a.asm
Comment: OSTaskSwHook used once
OS_CPU_ExceptStkBase 00000000




ARM Macro Assembler    Page 2 Alphabetic symbol ordering
External symbols

Symbol: OS_CPU_ExceptStkBase
   Definitions
      At line 37 in file uCOSIII\uCOS-III\Ports\os_cpu_a.asm
   Uses
      At line 89 in file uCOSIII\uCOS-III\Ports\os_cpu_a.asm
Comment: OS_CPU_ExceptStkBase used once
8 symbols
353 symbols in table
